"2023-01-19 15:39:49,281 [INFO] INFO com.ideas2it.ideas2movie.Ideas2movieApplication [main] Starting Ideas2movieApplication using Java 18.0.2 with PID 17376 (E:\ideas2movie\ideas2movie\target\classes started by LENOVO in E:\ideas2movie\ideas2movie)
 %PARSER_ERROR[l]
""2023-01-19 15:39:49,296 [INFO] INFO com.ideas2it.ideas2movie.Ideas2movieApplication [main] No active profile set, falling back to 1 default profile: "default"
 %PARSER_ERROR[l]
""2023-01-19 15:39:50,730 [INFO] INFO org.springframework.data.repository.config.RepositoryConfigurationDelegate [main] Bootstrapping Spring Data JPA repositories in DEFAULT mode.
 %PARSER_ERROR[l]
""2023-01-19 15:39:50,899 [INFO] INFO org.springframework.data.repository.config.RepositoryConfigurationDelegate [main] Finished Spring Data repository scanning in 153 ms. Found 11 JPA repository interfaces.
 %PARSER_ERROR[l]
""2023-01-19 15:39:51,787 [INFO] INFO org.springframework.boot.web.embedded.tomcat.TomcatWebServer [main] Tomcat initialized with port(s): 8080 (http)
 %PARSER_ERROR[l]
""2023-01-19 15:39:51,788 [INFO] INFO org.apache.catalina.core.AprLifecycleListener [main] An older version [1.2.35] of the Apache Tomcat Native library is installed, while Tomcat recommends a minimum version of [2.0.1]
 %PARSER_ERROR[l]
""2023-01-19 15:39:51,788 [INFO] INFO org.apache.catalina.core.AprLifecycleListener [main] Loaded Apache Tomcat Native library [1.2.35] using APR version [1.7.0].
 %PARSER_ERROR[l]
""2023-01-19 15:39:51,834 [INFO] INFO org.apache.catalina.core.AprLifecycleListener [main] OpenSSL successfully initialized [OpenSSL 1.1.1q  5 Jul 2022]
 %PARSER_ERROR[l]
""2023-01-19 15:39:51,849 [INFO] INFO org.apache.catalina.core.StandardService [main] Starting service [Tomcat]
 %PARSER_ERROR[l]
""2023-01-19 15:39:51,849 [INFO] INFO org.apache.catalina.core.StandardEngine [main] Starting Servlet engine: [Apache Tomcat/10.1.4]
 %PARSER_ERROR[l]
""2023-01-19 15:39:52,015 [INFO] INFO org.apache.catalina.core.ContainerBase.[Tomcat].[localhost].[/] [main] Initializing Spring embedded WebApplicationContext
 %PARSER_ERROR[l]
""2023-01-19 15:39:52,016 [INFO] INFO org.springframework.boot.web.servlet.context.ServletWebServerApplicationContext [main] Root WebApplicationContext: initialization completed in 2599 ms
 %PARSER_ERROR[l]
""2023-01-19 15:39:52,314 [INFO] INFO org.hibernate.jpa.internal.util.LogHelper [main] HHH000204: Processing PersistenceUnitInfo [name: default]
 %PARSER_ERROR[l]
""2023-01-19 15:39:52,436 [INFO] INFO org.hibernate.Version [main] HHH000412: Hibernate ORM core version 6.1.6.Final
 %PARSER_ERROR[l]
""2023-01-19 15:39:52,722 [WARN] WARN org.hibernate.orm.deprecation [main] HHH90000021: Encountered deprecated setting [javax.persistence.sharedCache.mode], use [jakarta.persistence.sharedCache.mode] instead
 %PARSER_ERROR[l]
""2023-01-19 15:39:52,931 [INFO] INFO com.zaxxer.hikari.HikariDataSource [main] HikariPool-1 - Starting...
 %PARSER_ERROR[l]
""2023-01-19 15:39:53,604 [INFO] INFO com.zaxxer.hikari.pool.HikariPool [main] HikariPool-1 - Added connection com.mysql.cj.jdbc.ConnectionImpl@3b4bd341
 %PARSER_ERROR[l]
""2023-01-19 15:39:53,607 [INFO] INFO com.zaxxer.hikari.HikariDataSource [main] HikariPool-1 - Start completed.
 %PARSER_ERROR[l]
""2023-01-19 15:39:53,779 [INFO] INFO SQL dialect [main] HHH000400: Using dialect: org.hibernate.dialect.MySQLDialect
 %PARSER_ERROR[l]
""2023-01-19 15:39:55,782 [INFO] INFO org.hibernate.engine.transaction.jta.platform.internal.JtaPlatformInitiator [main] HHH000490: Using JtaPlatform implementation: [org.hibernate.engine.transaction.jta.platform.internal.NoJtaPlatform]
 %PARSER_ERROR[l]
""2023-01-19 15:39:55,800 [INFO] INFO org.springframework.orm.jpa.LocalContainerEntityManagerFactoryBean [main] Initialized JPA EntityManagerFactory for persistence unit 'default'
 %PARSER_ERROR[l]
""2023-01-19 15:39:56,720 [WARN] WARN org.springframework.boot.autoconfigure.orm.jpa.JpaBaseConfiguration$JpaWebConfiguration [main] spring.jpa.open-in-view is enabled by default. Therefore, database queries may be performed during view rendering. Explicitly configure spring.jpa.open-in-view to disable this warning
 %PARSER_ERROR[l]
""2023-01-19 15:39:57,120 [INFO] INFO org.springframework.security.web.DefaultSecurityFilterChain [main] Will secure any request with [org.springframework.security.web.session.DisableEncodeUrlFilter@711261c7, org.springframework.security.web.context.request.async.WebAsyncManagerIntegrationFilter@73eaae1e, org.springframework.security.web.context.SecurityContextHolderFilter@34907a49, org.springframework.security.web.header.HeaderWriterFilter@7da0587a, org.springframework.security.web.authentication.logout.LogoutFilter@5ce1ec7, org.springframework.security.web.authentication.www.BasicAuthenticationFilter@23243bc0, org.springframework.security.web.savedrequest.RequestCacheAwareFilter@1ae26c59, org.springframework.security.web.servletapi.SecurityContextHolderAwareRequestFilter@44b5b54, org.springframework.security.web.authentication.AnonymousAuthenticationFilter@659565ed, org.springframework.security.web.access.ExceptionTranslationFilter@4a76c90, org.springframework.security.web.access.intercept.AuthorizationFilter@3b6c55b6]
 %PARSER_ERROR[l]
""2023-01-19 15:39:57,428 [INFO] INFO org.springframework.boot.web.embedded.tomcat.TomcatWebServer [main] Tomcat started on port(s): 8080 (http) with context path ''
 %PARSER_ERROR[l]
""2023-01-19 15:39:57,437 [INFO] INFO com.ideas2it.ideas2movie.Ideas2movieApplication [main] Started Ideas2movieApplication in 8.972 seconds (process running for 10.36)
 %PARSER_ERROR[l]
""2023-01-19 15:42:22,748 [INFO] INFO org.apache.catalina.core.ContainerBase.[Tomcat].[localhost].[/] [http-nio-8080-exec-2] Initializing Spring DispatcherServlet 'dispatcherServlet'
 %PARSER_ERROR[l]
""2023-01-19 15:42:22,748 [INFO] INFO org.springframework.web.servlet.DispatcherServlet [http-nio-8080-exec-2] Initializing Servlet 'dispatcherServlet'
 %PARSER_ERROR[l]
""2023-01-19 15:42:22,751 [INFO] INFO org.springframework.web.servlet.DispatcherServlet [http-nio-8080-exec-2] Completed initialization in 3 ms
 %PARSER_ERROR[l]
""2023-01-19 16:05:33,621 [WARN] WARN com.zaxxer.hikari.pool.HikariPool [HikariPool-1 housekeeper] HikariPool-1 - Thread starvation or clock leap detected (housekeeper delta=1m9s393ms704µs600ns).
 %PARSER_ERROR[l]
""2023-01-19 16:06:45,105 [WARN] WARN com.zaxxer.hikari.pool.HikariPool [HikariPool-1 housekeeper] HikariPool-1 - Thread starvation or clock leap detected (housekeeper delta=1m11s532ms736µs600ns).
 %PARSER_ERROR[l]
""2023-01-19 16:15:13,222 [WARN] WARN com.zaxxer.hikari.pool.HikariPool [HikariPool-1 housekeeper] HikariPool-1 - Thread starvation or clock leap detected (housekeeper delta=3m28s79ms104µs800ns).
 %PARSER_ERROR[l]
""2023-01-19 16:28:38,152 [INFO] INFO org.springframework.orm.jpa.LocalContainerEntityManagerFactoryBean [SpringApplicationShutdownHook] Closing JPA EntityManagerFactory for persistence unit 'default'
 %PARSER_ERROR[l]
""2023-01-19 16:28:38,186 [INFO] INFO com.zaxxer.hikari.HikariDataSource [SpringApplicationShutdownHook] HikariPool-1 - Shutdown initiated...
 %PARSER_ERROR[l]
""2023-01-19 16:28:38,212 [INFO] INFO com.zaxxer.hikari.HikariDataSource [SpringApplicationShutdownHook] HikariPool-1 - Shutdown completed.
 %PARSER_ERROR[l]
""2023-01-19 16:28:52,793 [INFO] INFO com.ideas2it.ideas2movie.Ideas2movieApplication [main] Starting Ideas2movieApplication using Java 18.0.2 with PID 17952 (E:\ideas2movie\ideas2movie\target\classes started by LENOVO in E:\ideas2movie\ideas2movie)
 %PARSER_ERROR[l]
""2023-01-19 16:28:52,798 [INFO] INFO com.ideas2it.ideas2movie.Ideas2movieApplication [main] No active profile set, falling back to 1 default profile: "default"
 %PARSER_ERROR[l]
""2023-01-19 16:28:54,406 [INFO] INFO org.springframework.data.repository.config.RepositoryConfigurationDelegate [main] Bootstrapping Spring Data JPA repositories in DEFAULT mode.
 %PARSER_ERROR[l]
""2023-01-19 16:28:54,604 [INFO] INFO org.springframework.data.repository.config.RepositoryConfigurationDelegate [main] Finished Spring Data repository scanning in 182 ms. Found 11 JPA repository interfaces.
 %PARSER_ERROR[l]
""2023-01-19 16:28:55,646 [INFO] INFO org.springframework.boot.web.embedded.tomcat.TomcatWebServer [main] Tomcat initialized with port(s): 8080 (http)
 %PARSER_ERROR[l]
""2023-01-19 16:28:55,648 [INFO] INFO org.apache.catalina.core.AprLifecycleListener [main] An older version [1.2.35] of the Apache Tomcat Native library is installed, while Tomcat recommends a minimum version of [2.0.1]
 %PARSER_ERROR[l]
""2023-01-19 16:28:55,648 [INFO] INFO org.apache.catalina.core.AprLifecycleListener [main] Loaded Apache Tomcat Native library [1.2.35] using APR version [1.7.0].
 %PARSER_ERROR[l]
""2023-01-19 16:28:55,654 [INFO] INFO org.apache.catalina.core.AprLifecycleListener [main] OpenSSL successfully initialized [OpenSSL 1.1.1q  5 Jul 2022]
 %PARSER_ERROR[l]
""2023-01-19 16:28:55,677 [INFO] INFO org.apache.catalina.core.StandardService [main] Starting service [Tomcat]
 %PARSER_ERROR[l]
""2023-01-19 16:28:55,678 [INFO] INFO org.apache.catalina.core.StandardEngine [main] Starting Servlet engine: [Apache Tomcat/10.1.4]
 %PARSER_ERROR[l]
""2023-01-19 16:28:55,843 [INFO] INFO org.apache.catalina.core.ContainerBase.[Tomcat].[localhost].[/] [main] Initializing Spring embedded WebApplicationContext
 %PARSER_ERROR[l]
""2023-01-19 16:28:55,843 [INFO] INFO org.springframework.boot.web.servlet.context.ServletWebServerApplicationContext [main] Root WebApplicationContext: initialization completed in 2869 ms
 %PARSER_ERROR[l]
""2023-01-19 16:28:56,154 [INFO] INFO org.hibernate.jpa.internal.util.LogHelper [main] HHH000204: Processing PersistenceUnitInfo [name: default]
 %PARSER_ERROR[l]
""2023-01-19 16:28:56,302 [INFO] INFO org.hibernate.Version [main] HHH000412: Hibernate ORM core version 6.1.6.Final
 %PARSER_ERROR[l]
""2023-01-19 16:28:56,742 [WARN] WARN org.hibernate.orm.deprecation [main] HHH90000021: Encountered deprecated setting [javax.persistence.sharedCache.mode], use [jakarta.persistence.sharedCache.mode] instead
 %PARSER_ERROR[l]
""2023-01-19 16:28:57,040 [INFO] INFO com.zaxxer.hikari.HikariDataSource [main] HikariPool-1 - Starting...
 %PARSER_ERROR[l]
""2023-01-19 16:28:57,846 [INFO] INFO com.zaxxer.hikari.pool.HikariPool [main] HikariPool-1 - Added connection com.mysql.cj.jdbc.ConnectionImpl@ee2ae9a
 %PARSER_ERROR[l]
""2023-01-19 16:28:57,850 [INFO] INFO com.zaxxer.hikari.HikariDataSource [main] HikariPool-1 - Start completed.
 %PARSER_ERROR[l]
""2023-01-19 16:28:58,024 [INFO] INFO SQL dialect [main] HHH000400: Using dialect: org.hibernate.dialect.MySQLDialect
 %PARSER_ERROR[l]
""2023-01-19 16:29:00,589 [INFO] INFO org.hibernate.engine.transaction.jta.platform.internal.JtaPlatformInitiator [main] HHH000490: Using JtaPlatform implementation: [org.hibernate.engine.transaction.jta.platform.internal.NoJtaPlatform]
 %PARSER_ERROR[l]
""2023-01-19 16:29:00,608 [INFO] INFO org.springframework.orm.jpa.LocalContainerEntityManagerFactoryBean [main] Initialized JPA EntityManagerFactory for persistence unit 'default'
 %PARSER_ERROR[l]
""2023-01-19 16:29:02,112 [WARN] WARN org.springframework.boot.autoconfigure.orm.jpa.JpaBaseConfiguration$JpaWebConfiguration [main] spring.jpa.open-in-view is enabled by default. Therefore, database queries may be performed during view rendering. Explicitly configure spring.jpa.open-in-view to disable this warning
 %PARSER_ERROR[l]
""2023-01-19 16:29:02,612 [INFO] INFO org.springframework.security.web.DefaultSecurityFilterChain [main] Will secure any request with [org.springframework.security.web.session.DisableEncodeUrlFilter@268f126f, org.springframework.security.web.context.request.async.WebAsyncManagerIntegrationFilter@467e7793, org.springframework.security.web.context.SecurityContextHolderFilter@c10f7a8, org.springframework.security.web.header.HeaderWriterFilter@22195d06, org.springframework.security.web.authentication.logout.LogoutFilter@20843604, org.springframework.security.web.authentication.www.BasicAuthenticationFilter@585718dd, org.springframework.security.web.savedrequest.RequestCacheAwareFilter@33de9d85, org.springframework.security.web.servletapi.SecurityContextHolderAwareRequestFilter@4cc4f6bd, org.springframework.security.web.authentication.AnonymousAuthenticationFilter@3e8995cc, org.springframework.security.web.access.ExceptionTranslationFilter@54faa040, org.springframework.security.web.access.intercept.AuthorizationFilter@6a233d33]
 %PARSER_ERROR[l]
""2023-01-19 16:29:03,039 [INFO] INFO org.springframework.boot.web.embedded.tomcat.TomcatWebServer [main] Tomcat started on port(s): 8080 (http) with context path ''
 %PARSER_ERROR[l]
""2023-01-19 16:29:03,054 [INFO] INFO com.ideas2it.ideas2movie.Ideas2movieApplication [main] Started Ideas2movieApplication in 11.098 seconds (process running for 12.391)
 %PARSER_ERROR[l]
""2023-01-19 16:51:25,209 [WARN] WARN com.zaxxer.hikari.pool.HikariPool [HikariPool-1 housekeeper] HikariPool-1 - Thread starvation or clock leap detected (housekeeper delta=56s927ms977µs).
 %PARSER_ERROR[l]
""2023-01-19 16:53:26,676 [WARN] WARN com.zaxxer.hikari.pool.HikariPool [HikariPool-1 housekeeper] HikariPool-1 - Thread starvation or clock leap detected (housekeeper delta=1m31s507ms563µs500ns).
 %PARSER_ERROR[l]
""2023-01-19 16:56:38,566 [WARN] WARN com.zaxxer.hikari.pool.HikariPool [HikariPool-1 housekeeper] HikariPool-1 - Thread starvation or clock leap detected (housekeeper delta=3m11s935ms685µs700ns).
 %PARSER_ERROR[l]
""2023-01-19 17:28:47,290 [WARN] WARN com.zaxxer.hikari.pool.HikariPool [HikariPool-1 housekeeper] HikariPool-1 - Thread starvation or clock leap detected (housekeeper delta=20m38s642ms518µs200ns).
 %PARSER_ERROR[l]
""2023-01-19 17:30:10,381 [WARN] WARN com.zaxxer.hikari.pool.HikariPool [HikariPool-1 housekeeper] HikariPool-1 - Thread starvation or clock leap detected (housekeeper delta=53s124ms727µs).
 %PARSER_ERROR[l]
""2023-01-19 17:31:42,129 [INFO] INFO org.springframework.orm.jpa.LocalContainerEntityManagerFactoryBean [SpringApplicationShutdownHook] Closing JPA EntityManagerFactory for persistence unit 'default'
 %PARSER_ERROR[l]
""2023-01-19 17:31:42,133 [INFO] INFO com.zaxxer.hikari.HikariDataSource [SpringApplicationShutdownHook] HikariPool-1 - Shutdown initiated...
 %PARSER_ERROR[l]
""2023-01-19 17:31:42,164 [INFO] INFO com.zaxxer.hikari.HikariDataSource [SpringApplicationShutdownHook] HikariPool-1 - Shutdown completed.
 %PARSER_ERROR[l]
"